<?xml version="1.0" encoding="UTF-8"?>
<testng-results ignored="0" total="1" passed="1" failed="0" skipped="0">
  <reporter-output>
  </reporter-output>
  <suite started-at="2025-04-24T20:12:35 IST" name="Suite" finished-at="2025-04-24T20:12:40 IST" duration-ms="5031">
    <groups>
    </groups>
    <test started-at="2025-04-24T20:12:35 IST" name="Test" finished-at="2025-04-24T20:12:40 IST" duration-ms="5031">
      <class name="testScript.AdminUsersTest">
        <test-method is-config="true" signature="browserInitilization(java.lang.String)[pri:0, instance:testScript.AdminUsersTest@8f2ef19]" started-at="2025-04-24T20:12:35 IST" name="browserInitilization" finished-at="2025-04-24T20:12:37 IST" duration-ms="2109" status="PASS">
          <params>
            <param index="0">
              <value>
                <![CDATA[chrome]]>
              </value>
            </param>
          </params>
          <reporter-output>
          </reporter-output>
        </test-method> <!-- browserInitilization -->
        <test-method signature="verifyIfUserIsAbleToSaveUserDetails()[pri:0, instance:testScript.AdminUsersTest@8f2ef19]" started-at="2025-04-24T20:12:37 IST" name="verifyIfUserIsAbleToSaveUserDetails" finished-at="2025-04-24T20:12:40 IST" duration-ms="2591" status="PASS">
          <reporter-output>
          </reporter-output>
        </test-method> <!-- verifyIfUserIsAbleToSaveUserDetails -->
        <test-method is-config="true" signature="driverQuit(org.testng.ITestResult)[pri:0, instance:testScript.AdminUsersTest@8f2ef19]" started-at="2025-04-24T20:12:40 IST" name="driverQuit" finished-at="2025-04-24T20:12:40 IST" duration-ms="290" status="PASS">
          <params>
            <param index="0">
              <value>
                <![CDATA[[TestResult name=verifyIfUserIsAbleToSaveUserDetails status=SUCCESS method=AdminUsersTest.verifyIfUserIsAbleToSaveUserDetails()[pri:0, instance:testScript.AdminUsersTest@8f2ef19] output={null}]]]>
              </value>
            </param>
          </params>
          <reporter-output>
          </reporter-output>
        </test-method> <!-- driverQuit -->
      </class> <!-- testScript.AdminUsersTest -->
    </test> <!-- Test -->
  </suite> <!-- Suite -->
</testng-results>
