<?xml version="1.0" encoding="UTF-8"?>
<!-- Generated by org.testng.reporters.JUnitXMLReporter -->
<testsuite ignored="3" hostname="DESKTOP-VJJR4FR" failures="0" tests="1" name="ChromeTest" time="8.881" errors="0" timestamp="2025-04-16T20:47:13 IST">
  <testcase classname="testScript.LoginTest" name="verifyTheUserIsAbleToLoginUsingValidCredentials" time="1.668"/>
  <testcase classname="testScript.LoginTest" name="verifyTheUserIsAbleToLoginUsingWrongUsernameCorrectPassword" time="0.0">
    <ignored/>
  </testcase> <!-- verifyTheUserIsAbleToLoginUsingWrongUsernameCorrectPassword -->
  <testcase classname="testScript.LoginTest" name="verifyTheUserIsAbleToLoginUsingWrongUsernameWrongPassword" time="0.0">
    <ignored/>
  </testcase> <!-- verifyTheUserIsAbleToLoginUsingWrongUsernameWrongPassword -->
  <testcase classname="testScript.LoginTest" name="verifyTheUserIsAbleToLoginUsingCorrectUsernameWrongPassword" time="0.0">
    <ignored/>
  </testcase> <!-- verifyTheUserIsAbleToLoginUsingCorrectUsernameWrongPassword -->
</testsuite> <!-- ChromeTest -->
