<?xml version="1.0" encoding="UTF-8"?>
<!-- Generated by org.testng.reporters.JUnitXMLReporter -->
<testsuite ignored="0" hostname="DESKTOP-VJJR4FR" failures="2" tests="5" name="ChromeTest" time="8.583" errors="0" timestamp="2025-04-16T22:10:57 IST">
  <testcase classname="testScript.LoginTest" name="verifyTheUserIsAbleToLoginUsingCorrectUsernameWrongPassword" time="0.062">
    <failure type="org.apache.poi.openxml4j.exceptions.NotOfficeXmlFileException" message="No valid entries or contents found, this is not a valid OOXML (Office Open XML) file">
      <![CDATA[org.apache.poi.openxml4j.exceptions.NotOfficeXmlFileException: No valid entries or contents found, this is not a valid OOXML (Office Open XML) file
at org.apache.poi.openxml4j.opc.ZipPackage.getPartsImpl(ZipPackage.java:286)
at org.apache.poi.openxml4j.opc.OPCPackage.getParts(OPCPackage.java:756)
at org.apache.poi.openxml4j.opc.OPCPackage.open(OPCPackage.java:327)
at org.apache.poi.util.PackageHelper.open(PackageHelper.java:37)
at org.apache.poi.xssf.usermodel.XSSFWorkbook.<init>(XSSFWorkbook.java:295)
at utilities.ExcelUtility.readStringData(ExcelUtility.java:21)
at testScript.LoginTest.verifyTheUserIsAbleToLoginUsingCorrectUsernameWrongPassword(LoginTest.java:29)
at java.base/java.util.concurrent.ThreadPoolExecutor.runWorker(ThreadPoolExecutor.java:1136)
at java.base/java.util.concurrent.ThreadPoolExecutor$Worker.run(ThreadPoolExecutor.java:635)
at java.base/java.lang.Thread.run(Thread.java:842)
... Removed 12 stack frames]]>
    </failure>
  </testcase> <!-- verifyTheUserIsAbleToLoginUsingCorrectUsernameWrongPassword -->
  <testcase classname="testScript.ManageNewsTest" name="verifyIfUserIsAbleToSaveNews" time="0.07">
    <failure type="java.io.IOException" message="Failed to read zip entry source">
      <![CDATA[java.io.IOException: Failed to read zip entry source
at org.apache.poi.openxml4j.opc.ZipPackage.<init>(ZipPackage.java:103)
at org.apache.poi.openxml4j.opc.OPCPackage.open(OPCPackage.java:324)
at org.apache.poi.util.PackageHelper.open(PackageHelper.java:37)
at org.apache.poi.xssf.usermodel.XSSFWorkbook.<init>(XSSFWorkbook.java:295)
at utilities.ExcelUtility.readStringData(ExcelUtility.java:21)
at testScript.ManageNewsTest.verifyIfUserIsAbleToSaveNews(ManageNewsTest.java:16)
at java.base/java.util.concurrent.ThreadPoolExecutor.runWorker(ThreadPoolExecutor.java:1136)
at java.base/java.util.concurrent.ThreadPoolExecutor$Worker.run(ThreadPoolExecutor.java:635)
at java.base/java.lang.Thread.run(Thread.java:842)
Caused by: java.io.IOException: Stream Closed
at java.base/java.io.FileInputStream.available0(Native Method)
at java.base/java.io.FileInputStream.available(FileInputStream.java:415)
at java.base/java.io.BufferedInputStream.read(BufferedInputStream.java:351)
at java.base/java.io.FilterInputStream.read(FilterInputStream.java:132)
at java.base/java.io.PushbackInputStream.read(PushbackInputStream.java:182)
at java.base/java.util.zip.ZipInputStream.readFully(ZipInputStream.java:418)
at java.base/java.util.zip.ZipInputStream.readLOC(ZipInputStream.java:323)
at java.base/java.util.zip.ZipInputStream.getNextEntry(ZipInputStream.java:124)
at org.apache.poi.openxml4j.util.ZipSecureFile$ThresholdInputStream.getNextEntry(ZipSecureFile.java:280)
at org.apache.poi.openxml4j.util.ZipInputStreamZipEntrySource.<init>(ZipInputStreamZipEntrySource.java:52)
at org.apache.poi.openxml4j.opc.ZipPackage.<init>(ZipPackage.java:100)
... 20 more
... Removed 12 stack frames]]>
    </failure>
  </testcase> <!-- verifyIfUserIsAbleToSaveNews -->
  <testcase classname="testScript.LoginTest" name="verifyTheUserIsAbleToLoginUsingValidCredentials" time="1.132"/>
  <testcase classname="testScript.LoginTest" name="verifyTheUserIsAbleToLoginUsingWrongUsernameCorrectPassword" time="0.504"/>
  <testcase classname="testScript.LoginTest" name="verifyTheUserIsAbleToLoginUsingWrongUsernameWrongPassword" time="0.519"/>
</testsuite> <!-- ChromeTest -->
