<?xml version="1.0" encoding="UTF-8"?>
<testng-results ignored="0" total="1" passed="1" failed="0" skipped="0">
  <reporter-output>
  </reporter-output>
  <suite started-at="2025-04-24T18:53:05 IST" name="Suite" finished-at="2025-04-24T18:53:16 IST" duration-ms="10894">
    <groups>
    </groups>
    <test started-at="2025-04-24T18:53:05 IST" name="Test" finished-at="2025-04-24T18:53:16 IST" duration-ms="10894">
      <class name="testScript.AdminUsersTest">
        <test-method is-config="true" signature="browserInitilization(java.lang.String)[pri:0, instance:testScript.AdminUsersTest@4d15107f]" started-at="2025-04-24T18:53:05 IST" name="browserInitilization" finished-at="2025-04-24T18:53:13 IST" duration-ms="8103" status="PASS">
          <params>
            <param index="0">
              <value>
                <![CDATA[chrome]]>
              </value>
            </param>
          </params>
          <reporter-output>
          </reporter-output>
        </test-method> <!-- browserInitilization -->
        <test-method signature="verifyIfUserIsAbleToSaveUserDetails()[pri:0, instance:testScript.AdminUsersTest@4d15107f]" started-at="2025-04-24T18:53:13 IST" name="verifyIfUserIsAbleToSaveUserDetails" finished-at="2025-04-24T18:53:15 IST" duration-ms="2564" status="PASS">
          <reporter-output>
          </reporter-output>
        </test-method> <!-- verifyIfUserIsAbleToSaveUserDetails -->
        <test-method is-config="true" signature="driverQuit(org.testng.ITestResult)[pri:0, instance:testScript.AdminUsersTest@4d15107f]" started-at="2025-04-24T18:53:15 IST" name="driverQuit" finished-at="2025-04-24T18:53:16 IST" duration-ms="183" status="PASS">
          <params>
            <param index="0">
              <value>
                <![CDATA[[TestResult name=verifyIfUserIsAbleToSaveUserDetails status=SUCCESS method=AdminUsersTest.verifyIfUserIsAbleToSaveUserDetails()[pri:0, instance:testScript.AdminUsersTest@4d15107f] output={null}]]]>
              </value>
            </param>
          </params>
          <reporter-output>
          </reporter-output>
        </test-method> <!-- driverQuit -->
      </class> <!-- testScript.AdminUsersTest -->
    </test> <!-- Test -->
  </suite> <!-- Suite -->
</testng-results>
